<?xml version="1.0" encoding="UTF-8"?>
<testng-results ignored="0" total="1" passed="1" failed="0" skipped="0">
  <reporter-output>
  </reporter-output>
  <suite started-at="2023-11-08T01:12:49 IST" name="Default suite" finished-at="2023-11-08T01:13:09 IST" duration-ms="19534">
    <groups>
    </groups>
    <test started-at="2023-11-08T01:12:49 IST" name="Default test" finished-at="2023-11-08T01:13:09 IST" duration-ms="19534">
      <class name="selPaackadsf.Screenshots">
        <test-method signature="screeshotTest()[pri:0, instance:selPaackadsf.Screenshots@45099dd3]" started-at="2023-11-08T01:12:49 IST" name="screeshotTest" finished-at="2023-11-08T01:13:09 IST" duration-ms="19461" status="PASS">
          <reporter-output>
          </reporter-output>
        </test-method> <!-- screeshotTest -->
      </class> <!-- selPaackadsf.Screenshots -->
    </test> <!-- Default test -->
  </suite> <!-- Default suite -->
</testng-results>
